<?xml version="1.0" encoding="UTF-8"?>
<testsuite xmlns:xsi="http://www.w3.org/2001/XMLSchema-instance" xsi:noNamespaceSchemaLocation="https://maven.apache.org/surefire/maven-surefire-plugin/xsd/surefire-test-report.xsd" version="3.0.2" name="com.scotiabank.serviceImpl.AlumnoServiceImplTest" time="0.16" tests="5" errors="0" skipped="0" failures="0">
  <properties>
    <property name="java.specification.version" value="17"/>
    <property name="sun.cpu.isalist" value="amd64"/>
    <property name="sun.jnu.encoding" value="Cp1252"/>
    <property name="java.class.path" value="C:\Users\Javier\Documents\workspace-spring-tools-for-eclipse-4.30.0.RELEASE\reto-tecnico-scotiabank\target\test-classes;C:\Users\Javier\Documents\workspace-spring-tools-for-eclipse-4.30.0.RELEASE\reto-tecnico-scotiabank\target\classes;C:\Users\Javier\.m2\repository\org\springframework\boot\spring-boot-starter-webflux\3.5.4\spring-boot-starter-webflux-3.5.4.jar;C:\Users\Javier\.m2\repository\org\springframework\boot\spring-boot-starter\3.5.4\spring-boot-starter-3.5.4.jar;C:\Users\Javier\.m2\repository\org\springframework\boot\spring-boot\3.5.4\spring-boot-3.5.4.jar;C:\Users\Javier\.m2\repository\org\springframework\boot\spring-boot-autoconfigure\3.5.4\spring-boot-autoconfigure-3.5.4.jar;C:\Users\Javier\.m2\repository\org\springframework\boot\spring-boot-starter-logging\3.5.4\spring-boot-starter-logging-3.5.4.jar;C:\Users\Javier\.m2\repository\ch\qos\logback\logback-classic\1.5.18\logback-classic-1.5.18.jar;C:\Users\Javier\.m2\repository\ch\qos\logback\logback-core\1.5.18\logback-core-1.5.18.jar;C:\Users\Javier\.m2\repository\org\apache\logging\log4j\log4j-to-slf4j\2.24.3\log4j-to-slf4j-2.24.3.jar;C:\Users\Javier\.m2\repository\org\apache\logging\log4j\log4j-api\2.24.3\log4j-api-2.24.3.jar;C:\Users\Javier\.m2\repository\org\slf4j\jul-to-slf4j\2.0.17\jul-to-slf4j-2.0.17.jar;C:\Users\Javier\.m2\repository\jakarta\annotation\jakarta.annotation-api\2.1.1\jakarta.annotation-api-2.1.1.jar;C:\Users\Javier\.m2\repository\org\yaml\snakeyaml\2.4\snakeyaml-2.4.jar;C:\Users\Javier\.m2\repository\org\springframework\boot\spring-boot-starter-json\3.5.4\spring-boot-starter-json-3.5.4.jar;C:\Users\Javier\.m2\repository\com\fasterxml\jackson\core\jackson-databind\2.19.2\jackson-databind-2.19.2.jar;C:\Users\Javier\.m2\repository\com\fasterxml\jackson\core\jackson-annotations\2.19.2\jackson-annotations-2.19.2.jar;C:\Users\Javier\.m2\repository\com\fasterxml\jackson\core\jackson-core\2.19.2\jackson-core-2.19.2.jar;C:\Users\Javier\.m2\repository\com\fasterxml\jackson\datatype\jackson-datatype-jdk8\2.19.2\jackson-datatype-jdk8-2.19.2.jar;C:\Users\Javier\.m2\repository\com\fasterxml\jackson\datatype\jackson-datatype-jsr310\2.19.2\jackson-datatype-jsr310-2.19.2.jar;C:\Users\Javier\.m2\repository\com\fasterxml\jackson\module\jackson-module-parameter-names\2.19.2\jackson-module-parameter-names-2.19.2.jar;C:\Users\Javier\.m2\repository\org\springframework\boot\spring-boot-starter-reactor-netty\3.5.4\spring-boot-starter-reactor-netty-3.5.4.jar;C:\Users\Javier\.m2\repository\io\projectreactor\netty\reactor-netty-http\1.2.8\reactor-netty-http-1.2.8.jar;C:\Users\Javier\.m2\repository\io\netty\netty-codec-http\4.1.123.Final\netty-codec-http-4.1.123.Final.jar;C:\Users\Javier\.m2\repository\io\netty\netty-common\4.1.123.Final\netty-common-4.1.123.Final.jar;C:\Users\Javier\.m2\repository\io\netty\netty-buffer\4.1.123.Final\netty-buffer-4.1.123.Final.jar;C:\Users\Javier\.m2\repository\io\netty\netty-transport\4.1.123.Final\netty-transport-4.1.123.Final.jar;C:\Users\Javier\.m2\repository\io\netty\netty-codec\4.1.123.Final\netty-codec-4.1.123.Final.jar;C:\Users\Javier\.m2\repository\io\netty\netty-handler\4.1.123.Final\netty-handler-4.1.123.Final.jar;C:\Users\Javier\.m2\repository\io\netty\netty-codec-http2\4.1.123.Final\netty-codec-http2-4.1.123.Final.jar;C:\Users\Javier\.m2\repository\io\netty\netty-resolver-dns\4.1.123.Final\netty-resolver-dns-4.1.123.Final.jar;C:\Users\Javier\.m2\repository\io\netty\netty-resolver\4.1.123.Final\netty-resolver-4.1.123.Final.jar;C:\Users\Javier\.m2\repository\io\netty\netty-codec-dns\4.1.123.Final\netty-codec-dns-4.1.123.Final.jar;C:\Users\Javier\.m2\repository\io\netty\netty-resolver-dns-native-macos\4.1.123.Final\netty-resolver-dns-native-macos-4.1.123.Final-osx-x86_64.jar;C:\Users\Javier\.m2\repository\io\netty\netty-resolver-dns-classes-macos\4.1.123.Final\netty-resolver-dns-classes-macos-4.1.123.Final.jar;C:\Users\Javier\.m2\repository\io\netty\netty-transport-native-epoll\4.1.123.Final\netty-transport-native-epoll-4.1.123.Final-linux-x86_64.jar;C:\Users\Javier\.m2\repository\io\netty\netty-transport-native-unix-common\4.1.123.Final\netty-transport-native-unix-common-4.1.123.Final.jar;C:\Users\Javier\.m2\repository\io\netty\netty-transport-classes-epoll\4.1.123.Final\netty-transport-classes-epoll-4.1.123.Final.jar;C:\Users\Javier\.m2\repository\io\projectreactor\netty\reactor-netty-core\1.2.8\reactor-netty-core-1.2.8.jar;C:\Users\Javier\.m2\repository\io\netty\netty-handler-proxy\4.1.123.Final\netty-handler-proxy-4.1.123.Final.jar;C:\Users\Javier\.m2\repository\io\netty\netty-codec-socks\4.1.123.Final\netty-codec-socks-4.1.123.Final.jar;C:\Users\Javier\.m2\repository\org\springframework\spring-web\6.2.9\spring-web-6.2.9.jar;C:\Users\Javier\.m2\repository\org\springframework\spring-beans\6.2.9\spring-beans-6.2.9.jar;C:\Users\Javier\.m2\repository\io\micrometer\micrometer-observation\1.15.2\micrometer-observation-1.15.2.jar;C:\Users\Javier\.m2\repository\io\micrometer\micrometer-commons\1.15.2\micrometer-commons-1.15.2.jar;C:\Users\Javier\.m2\repository\org\springframework\spring-webflux\6.2.9\spring-webflux-6.2.9.jar;C:\Users\Javier\.m2\repository\org\springframework\boot\spring-boot-starter-data-r2dbc\3.5.4\spring-boot-starter-data-r2dbc-3.5.4.jar;C:\Users\Javier\.m2\repository\org\springframework\data\spring-data-r2dbc\3.5.2\spring-data-r2dbc-3.5.2.jar;C:\Users\Javier\.m2\repository\org\springframework\data\spring-data-relational\3.5.2\spring-data-relational-3.5.2.jar;C:\Users\Javier\.m2\repository\org\springframework\data\spring-data-commons\3.5.2\spring-data-commons-3.5.2.jar;C:\Users\Javier\.m2\repository\org\springframework\spring-tx\6.2.9\spring-tx-6.2.9.jar;C:\Users\Javier\.m2\repository\org\springframework\spring-context\6.2.9\spring-context-6.2.9.jar;C:\Users\Javier\.m2\repository\org\springframework\spring-aop\6.2.9\spring-aop-6.2.9.jar;C:\Users\Javier\.m2\repository\org\springframework\spring-expression\6.2.9\spring-expression-6.2.9.jar;C:\Users\Javier\.m2\repository\org\springframework\spring-jdbc\6.2.9\spring-jdbc-6.2.9.jar;C:\Users\Javier\.m2\repository\org\springframework\spring-r2dbc\6.2.9\spring-r2dbc-6.2.9.jar;C:\Users\Javier\.m2\repository\org\slf4j\slf4j-api\2.0.17\slf4j-api-2.0.17.jar;C:\Users\Javier\.m2\repository\io\r2dbc\r2dbc-spi\1.0.0.RELEASE\r2dbc-spi-1.0.0.RELEASE.jar;C:\Users\Javier\.m2\repository\org\reactivestreams\reactive-streams\1.0.4\reactive-streams-1.0.4.jar;C:\Users\Javier\.m2\repository\io\r2dbc\r2dbc-pool\1.0.2.RELEASE\r2dbc-pool-1.0.2.RELEASE.jar;C:\Users\Javier\.m2\repository\io\projectreactor\addons\reactor-pool\1.1.3\reactor-pool-1.1.3.jar;C:\Users\Javier\.m2\repository\io\r2dbc\r2dbc-h2\1.0.0.RELEASE\r2dbc-h2-1.0.0.RELEASE.jar;C:\Users\Javier\.m2\repository\io\projectreactor\reactor-core\3.7.8\reactor-core-3.7.8.jar;C:\Users\Javier\.m2\repository\com\h2database\h2\2.3.232\h2-2.3.232.jar;C:\Users\Javier\.m2\repository\org\projectlombok\lombok\1.18.38\lombok-1.18.38.jar;C:\Users\Javier\.m2\repository\org\springframework\boot\spring-boot-starter-test\3.5.4\spring-boot-starter-test-3.5.4.jar;C:\Users\Javier\.m2\repository\org\springframework\boot\spring-boot-test\3.5.4\spring-boot-test-3.5.4.jar;C:\Users\Javier\.m2\repository\org\springframework\boot\spring-boot-test-autoconfigure\3.5.4\spring-boot-test-autoconfigure-3.5.4.jar;C:\Users\Javier\.m2\repository\com\jayway\jsonpath\json-path\2.9.0\json-path-2.9.0.jar;C:\Users\Javier\.m2\repository\jakarta\xml\bind\jakarta.xml.bind-api\4.0.2\jakarta.xml.bind-api-4.0.2.jar;C:\Users\Javier\.m2\repository\jakarta\activation\jakarta.activation-api\2.1.3\jakarta.activation-api-2.1.3.jar;C:\Users\Javier\.m2\repository\net\minidev\json-smart\2.5.2\json-smart-2.5.2.jar;C:\Users\Javier\.m2\repository\net\minidev\accessors-smart\2.5.2\accessors-smart-2.5.2.jar;C:\Users\Javier\.m2\repository\org\ow2\asm\asm\9.7.1\asm-9.7.1.jar;C:\Users\Javier\.m2\repository\org\assertj\assertj-core\3.27.3\assertj-core-3.27.3.jar;C:\Users\Javier\.m2\repository\net\bytebuddy\byte-buddy\1.17.6\byte-buddy-1.17.6.jar;C:\Users\Javier\.m2\repository\org\awaitility\awaitility\4.2.2\awaitility-4.2.2.jar;C:\Users\Javier\.m2\repository\org\hamcrest\hamcrest\3.0\hamcrest-3.0.jar;C:\Users\Javier\.m2\repository\org\junit\jupiter\junit-jupiter\5.12.2\junit-jupiter-5.12.2.jar;C:\Users\Javier\.m2\repository\org\junit\jupiter\junit-jupiter-api\5.12.2\junit-jupiter-api-5.12.2.jar;C:\Users\Javier\.m2\repository\org\opentest4j\opentest4j\1.3.0\opentest4j-1.3.0.jar;C:\Users\Javier\.m2\repository\org\junit\platform\junit-platform-commons\1.12.2\junit-platform-commons-1.12.2.jar;C:\Users\Javier\.m2\repository\org\apiguardian\apiguardian-api\1.1.2\apiguardian-api-1.1.2.jar;C:\Users\Javier\.m2\repository\org\junit\jupiter\junit-jupiter-params\5.12.2\junit-jupiter-params-5.12.2.jar;C:\Users\Javier\.m2\repository\org\junit\jupiter\junit-jupiter-engine\5.12.2\junit-jupiter-engine-5.12.2.jar;C:\Users\Javier\.m2\repository\org\junit\platform\junit-platform-engine\1.12.2\junit-platform-engine-1.12.2.jar;C:\Users\Javier\.m2\repository\org\mockito\mockito-core\5.17.0\mockito-core-5.17.0.jar;C:\Users\Javier\.m2\repository\net\bytebuddy\byte-buddy-agent\1.17.6\byte-buddy-agent-1.17.6.jar;C:\Users\Javier\.m2\repository\org\objenesis\objenesis\3.3\objenesis-3.3.jar;C:\Users\Javier\.m2\repository\org\mockito\mockito-junit-jupiter\5.17.0\mockito-junit-jupiter-5.17.0.jar;C:\Users\Javier\.m2\repository\org\skyscreamer\jsonassert\1.5.3\jsonassert-1.5.3.jar;C:\Users\Javier\.m2\repository\com\vaadin\external\google\android-json\0.0.20131108.vaadin1\android-json-0.0.20131108.vaadin1.jar;C:\Users\Javier\.m2\repository\org\springframework\spring-core\6.2.9\spring-core-6.2.9.jar;C:\Users\Javier\.m2\repository\org\springframework\spring-jcl\6.2.9\spring-jcl-6.2.9.jar;C:\Users\Javier\.m2\repository\org\springframework\spring-test\6.2.9\spring-test-6.2.9.jar;C:\Users\Javier\.m2\repository\org\xmlunit\xmlunit-core\2.10.3\xmlunit-core-2.10.3.jar;C:\Users\Javier\.m2\repository\io\projectreactor\reactor-test\3.7.8\reactor-test-3.7.8.jar;"/>
    <property name="java.vm.vendor" value="Oracle Corporation"/>
    <property name="sun.arch.data.model" value="64"/>
    <property name="user.variant" value=""/>
    <property name="java.vendor.url" value="https://java.oracle.com/"/>
    <property name="user.timezone" value="America/Lima"/>
    <property name="os.name" value="Windows 11"/>
    <property name="java.vm.specification.version" value="17"/>
    <property name="APPLICATION_NAME" value="reto-tecnico-scotiabank"/>
    <property name="sun.java.launcher" value="SUN_STANDARD"/>
    <property name="user.country" value="ES"/>
    <property name="sun.boot.library.path" value="C:\Programas\JDK\jdk-17.0.12_windows-x64_bin\jdk-17.0.12\bin"/>
    <property name="sun.java.command" value="C:\Users\Javier\AppData\Local\Temp\surefire14290101974182349368\surefirebooter-20250812120958751_3.jar C:\Users\Javier\AppData\Local\Temp\surefire14290101974182349368 2025-08-12T12-09-58_510-jvmRun1 surefire-20250812120958751_1tmp surefire_0-20250812120958751_2tmp"/>
    <property name="jdk.debug" value="release"/>
    <property name="surefire.test.class.path" value="C:\Users\Javier\Documents\workspace-spring-tools-for-eclipse-4.30.0.RELEASE\reto-tecnico-scotiabank\target\test-classes;C:\Users\Javier\Documents\workspace-spring-tools-for-eclipse-4.30.0.RELEASE\reto-tecnico-scotiabank\target\classes;C:\Users\Javier\.m2\repository\org\springframework\boot\spring-boot-starter-webflux\3.5.4\spring-boot-starter-webflux-3.5.4.jar;C:\Users\Javier\.m2\repository\org\springframework\boot\spring-boot-starter\3.5.4\spring-boot-starter-3.5.4.jar;C:\Users\Javier\.m2\repository\org\springframework\boot\spring-boot\3.5.4\spring-boot-3.5.4.jar;C:\Users\Javier\.m2\repository\org\springframework\boot\spring-boot-autoconfigure\3.5.4\spring-boot-autoconfigure-3.5.4.jar;C:\Users\Javier\.m2\repository\org\springframework\boot\spring-boot-starter-logging\3.5.4\spring-boot-starter-logging-3.5.4.jar;C:\Users\Javier\.m2\repository\ch\qos\logback\logback-classic\1.5.18\logback-classic-1.5.18.jar;C:\Users\Javier\.m2\repository\ch\qos\logback\logback-core\1.5.18\logback-core-1.5.18.jar;C:\Users\Javier\.m2\repository\org\apache\logging\log4j\log4j-to-slf4j\2.24.3\log4j-to-slf4j-2.24.3.jar;C:\Users\Javier\.m2\repository\org\apache\logging\log4j\log4j-api\2.24.3\log4j-api-2.24.3.jar;C:\Users\Javier\.m2\repository\org\slf4j\jul-to-slf4j\2.0.17\jul-to-slf4j-2.0.17.jar;C:\Users\Javier\.m2\repository\jakarta\annotation\jakarta.annotation-api\2.1.1\jakarta.annotation-api-2.1.1.jar;C:\Users\Javier\.m2\repository\org\yaml\snakeyaml\2.4\snakeyaml-2.4.jar;C:\Users\Javier\.m2\repository\org\springframework\boot\spring-boot-starter-json\3.5.4\spring-boot-starter-json-3.5.4.jar;C:\Users\Javier\.m2\repository\com\fasterxml\jackson\core\jackson-databind\2.19.2\jackson-databind-2.19.2.jar;C:\Users\Javier\.m2\repository\com\fasterxml\jackson\core\jackson-annotations\2.19.2\jackson-annotations-2.19.2.jar;C:\Users\Javier\.m2\repository\com\fasterxml\jackson\core\jackson-core\2.19.2\jackson-core-2.19.2.jar;C:\Users\Javier\.m2\repository\com\fasterxml\jackson\datatype\jackson-datatype-jdk8\2.19.2\jackson-datatype-jdk8-2.19.2.jar;C:\Users\Javier\.m2\repository\com\fasterxml\jackson\datatype\jackson-datatype-jsr310\2.19.2\jackson-datatype-jsr310-2.19.2.jar;C:\Users\Javier\.m2\repository\com\fasterxml\jackson\module\jackson-module-parameter-names\2.19.2\jackson-module-parameter-names-2.19.2.jar;C:\Users\Javier\.m2\repository\org\springframework\boot\spring-boot-starter-reactor-netty\3.5.4\spring-boot-starter-reactor-netty-3.5.4.jar;C:\Users\Javier\.m2\repository\io\projectreactor\netty\reactor-netty-http\1.2.8\reactor-netty-http-1.2.8.jar;C:\Users\Javier\.m2\repository\io\netty\netty-codec-http\4.1.123.Final\netty-codec-http-4.1.123.Final.jar;C:\Users\Javier\.m2\repository\io\netty\netty-common\4.1.123.Final\netty-common-4.1.123.Final.jar;C:\Users\Javier\.m2\repository\io\netty\netty-buffer\4.1.123.Final\netty-buffer-4.1.123.Final.jar;C:\Users\Javier\.m2\repository\io\netty\netty-transport\4.1.123.Final\netty-transport-4.1.123.Final.jar;C:\Users\Javier\.m2\repository\io\netty\netty-codec\4.1.123.Final\netty-codec-4.1.123.Final.jar;C:\Users\Javier\.m2\repository\io\netty\netty-handler\4.1.123.Final\netty-handler-4.1.123.Final.jar;C:\Users\Javier\.m2\repository\io\netty\netty-codec-http2\4.1.123.Final\netty-codec-http2-4.1.123.Final.jar;C:\Users\Javier\.m2\repository\io\netty\netty-resolver-dns\4.1.123.Final\netty-resolver-dns-4.1.123.Final.jar;C:\Users\Javier\.m2\repository\io\netty\netty-resolver\4.1.123.Final\netty-resolver-4.1.123.Final.jar;C:\Users\Javier\.m2\repository\io\netty\netty-codec-dns\4.1.123.Final\netty-codec-dns-4.1.123.Final.jar;C:\Users\Javier\.m2\repository\io\netty\netty-resolver-dns-native-macos\4.1.123.Final\netty-resolver-dns-native-macos-4.1.123.Final-osx-x86_64.jar;C:\Users\Javier\.m2\repository\io\netty\netty-resolver-dns-classes-macos\4.1.123.Final\netty-resolver-dns-classes-macos-4.1.123.Final.jar;C:\Users\Javier\.m2\repository\io\netty\netty-transport-native-epoll\4.1.123.Final\netty-transport-native-epoll-4.1.123.Final-linux-x86_64.jar;C:\Users\Javier\.m2\repository\io\netty\netty-transport-native-unix-common\4.1.123.Final\netty-transport-native-unix-common-4.1.123.Final.jar;C:\Users\Javier\.m2\repository\io\netty\netty-transport-classes-epoll\4.1.123.Final\netty-transport-classes-epoll-4.1.123.Final.jar;C:\Users\Javier\.m2\repository\io\projectreactor\netty\reactor-netty-core\1.2.8\reactor-netty-core-1.2.8.jar;C:\Users\Javier\.m2\repository\io\netty\netty-handler-proxy\4.1.123.Final\netty-handler-proxy-4.1.123.Final.jar;C:\Users\Javier\.m2\repository\io\netty\netty-codec-socks\4.1.123.Final\netty-codec-socks-4.1.123.Final.jar;C:\Users\Javier\.m2\repository\org\springframework\spring-web\6.2.9\spring-web-6.2.9.jar;C:\Users\Javier\.m2\repository\org\springframework\spring-beans\6.2.9\spring-beans-6.2.9.jar;C:\Users\Javier\.m2\repository\io\micrometer\micrometer-observation\1.15.2\micrometer-observation-1.15.2.jar;C:\Users\Javier\.m2\repository\io\micrometer\micrometer-commons\1.15.2\micrometer-commons-1.15.2.jar;C:\Users\Javier\.m2\repository\org\springframework\spring-webflux\6.2.9\spring-webflux-6.2.9.jar;C:\Users\Javier\.m2\repository\org\springframework\boot\spring-boot-starter-data-r2dbc\3.5.4\spring-boot-starter-data-r2dbc-3.5.4.jar;C:\Users\Javier\.m2\repository\org\springframework\data\spring-data-r2dbc\3.5.2\spring-data-r2dbc-3.5.2.jar;C:\Users\Javier\.m2\repository\org\springframework\data\spring-data-relational\3.5.2\spring-data-relational-3.5.2.jar;C:\Users\Javier\.m2\repository\org\springframework\data\spring-data-commons\3.5.2\spring-data-commons-3.5.2.jar;C:\Users\Javier\.m2\repository\org\springframework\spring-tx\6.2.9\spring-tx-6.2.9.jar;C:\Users\Javier\.m2\repository\org\springframework\spring-context\6.2.9\spring-context-6.2.9.jar;C:\Users\Javier\.m2\repository\org\springframework\spring-aop\6.2.9\spring-aop-6.2.9.jar;C:\Users\Javier\.m2\repository\org\springframework\spring-expression\6.2.9\spring-expression-6.2.9.jar;C:\Users\Javier\.m2\repository\org\springframework\spring-jdbc\6.2.9\spring-jdbc-6.2.9.jar;C:\Users\Javier\.m2\repository\org\springframework\spring-r2dbc\6.2.9\spring-r2dbc-6.2.9.jar;C:\Users\Javier\.m2\repository\org\slf4j\slf4j-api\2.0.17\slf4j-api-2.0.17.jar;C:\Users\Javier\.m2\repository\io\r2dbc\r2dbc-spi\1.0.0.RELEASE\r2dbc-spi-1.0.0.RELEASE.jar;C:\Users\Javier\.m2\repository\org\reactivestreams\reactive-streams\1.0.4\reactive-streams-1.0.4.jar;C:\Users\Javier\.m2\repository\io\r2dbc\r2dbc-pool\1.0.2.RELEASE\r2dbc-pool-1.0.2.RELEASE.jar;C:\Users\Javier\.m2\repository\io\projectreactor\addons\reactor-pool\1.1.3\reactor-pool-1.1.3.jar;C:\Users\Javier\.m2\repository\io\r2dbc\r2dbc-h2\1.0.0.RELEASE\r2dbc-h2-1.0.0.RELEASE.jar;C:\Users\Javier\.m2\repository\io\projectreactor\reactor-core\3.7.8\reactor-core-3.7.8.jar;C:\Users\Javier\.m2\repository\com\h2database\h2\2.3.232\h2-2.3.232.jar;C:\Users\Javier\.m2\repository\org\projectlombok\lombok\1.18.38\lombok-1.18.38.jar;C:\Users\Javier\.m2\repository\org\springframework\boot\spring-boot-starter-test\3.5.4\spring-boot-starter-test-3.5.4.jar;C:\Users\Javier\.m2\repository\org\springframework\boot\spring-boot-test\3.5.4\spring-boot-test-3.5.4.jar;C:\Users\Javier\.m2\repository\org\springframework\boot\spring-boot-test-autoconfigure\3.5.4\spring-boot-test-autoconfigure-3.5.4.jar;C:\Users\Javier\.m2\repository\com\jayway\jsonpath\json-path\2.9.0\json-path-2.9.0.jar;C:\Users\Javier\.m2\repository\jakarta\xml\bind\jakarta.xml.bind-api\4.0.2\jakarta.xml.bind-api-4.0.2.jar;C:\Users\Javier\.m2\repository\jakarta\activation\jakarta.activation-api\2.1.3\jakarta.activation-api-2.1.3.jar;C:\Users\Javier\.m2\repository\net\minidev\json-smart\2.5.2\json-smart-2.5.2.jar;C:\Users\Javier\.m2\repository\net\minidev\accessors-smart\2.5.2\accessors-smart-2.5.2.jar;C:\Users\Javier\.m2\repository\org\ow2\asm\asm\9.7.1\asm-9.7.1.jar;C:\Users\Javier\.m2\repository\org\assertj\assertj-core\3.27.3\assertj-core-3.27.3.jar;C:\Users\Javier\.m2\repository\net\bytebuddy\byte-buddy\1.17.6\byte-buddy-1.17.6.jar;C:\Users\Javier\.m2\repository\org\awaitility\awaitility\4.2.2\awaitility-4.2.2.jar;C:\Users\Javier\.m2\repository\org\hamcrest\hamcrest\3.0\hamcrest-3.0.jar;C:\Users\Javier\.m2\repository\org\junit\jupiter\junit-jupiter\5.12.2\junit-jupiter-5.12.2.jar;C:\Users\Javier\.m2\repository\org\junit\jupiter\junit-jupiter-api\5.12.2\junit-jupiter-api-5.12.2.jar;C:\Users\Javier\.m2\repository\org\opentest4j\opentest4j\1.3.0\opentest4j-1.3.0.jar;C:\Users\Javier\.m2\repository\org\junit\platform\junit-platform-commons\1.12.2\junit-platform-commons-1.12.2.jar;C:\Users\Javier\.m2\repository\org\apiguardian\apiguardian-api\1.1.2\apiguardian-api-1.1.2.jar;C:\Users\Javier\.m2\repository\org\junit\jupiter\junit-jupiter-params\5.12.2\junit-jupiter-params-5.12.2.jar;C:\Users\Javier\.m2\repository\org\junit\jupiter\junit-jupiter-engine\5.12.2\junit-jupiter-engine-5.12.2.jar;C:\Users\Javier\.m2\repository\org\junit\platform\junit-platform-engine\1.12.2\junit-platform-engine-1.12.2.jar;C:\Users\Javier\.m2\repository\org\mockito\mockito-core\5.17.0\mockito-core-5.17.0.jar;C:\Users\Javier\.m2\repository\net\bytebuddy\byte-buddy-agent\1.17.6\byte-buddy-agent-1.17.6.jar;C:\Users\Javier\.m2\repository\org\objenesis\objenesis\3.3\objenesis-3.3.jar;C:\Users\Javier\.m2\repository\org\mockito\mockito-junit-jupiter\5.17.0\mockito-junit-jupiter-5.17.0.jar;C:\Users\Javier\.m2\repository\org\skyscreamer\jsonassert\1.5.3\jsonassert-1.5.3.jar;C:\Users\Javier\.m2\repository\com\vaadin\external\google\android-json\0.0.20131108.vaadin1\android-json-0.0.20131108.vaadin1.jar;C:\Users\Javier\.m2\repository\org\springframework\spring-core\6.2.9\spring-core-6.2.9.jar;C:\Users\Javier\.m2\repository\org\springframework\spring-jcl\6.2.9\spring-jcl-6.2.9.jar;C:\Users\Javier\.m2\repository\org\springframework\spring-test\6.2.9\spring-test-6.2.9.jar;C:\Users\Javier\.m2\repository\org\xmlunit\xmlunit-core\2.10.3\xmlunit-core-2.10.3.jar;C:\Users\Javier\.m2\repository\io\projectreactor\reactor-test\3.7.8\reactor-test-3.7.8.jar;"/>
    <property name="sun.cpu.endian" value="little"/>
    <property name="user.home" value="C:\Users\Javier"/>
    <property name="user.language" value="es"/>
    <property name="java.specification.vendor" value="Oracle Corporation"/>
    <property name="java.version.date" value="2024-07-16"/>
    <property name="java.home" value="C:\Programas\JDK\jdk-17.0.12_windows-x64_bin\jdk-17.0.12"/>
    <property name="file.separator" value="\"/>
    <property name="style.color" value="always"/>
    <property name="basedir" value="C:\Users\Javier\Documents\workspace-spring-tools-for-eclipse-4.30.0.RELEASE\reto-tecnico-scotiabank"/>
    <property name="java.vm.compressedOopsMode" value="Zero based"/>
    <property name="line.separator" value="&#10;"/>
    <property name="java.vm.specification.vendor" value="Oracle Corporation"/>
    <property name="java.specification.name" value="Java Platform API Specification"/>
    <property name="FILE_LOG_CHARSET" value="windows-1252"/>
    <property name="java.awt.headless" value="true"/>
    <property name="surefire.real.class.path" value="C:\Users\Javier\AppData\Local\Temp\surefire14290101974182349368\surefirebooter-20250812120958751_3.jar"/>
    <property name="user.script" value=""/>
    <property name="sun.management.compiler" value="HotSpot 64-Bit Tiered Compilers"/>
    <property name="java.runtime.version" value="17.0.12+8-LTS-286"/>
    <property name="user.name" value="Javier"/>
    <property name="path.separator" value=";"/>
    <property name="os.version" value="10.0"/>
    <property name="java.runtime.name" value="Java(TM) SE Runtime Environment"/>
    <property name="file.encoding" value="Cp1252"/>
    <property name="java.vm.name" value="Java HotSpot(TM) 64-Bit Server VM"/>
    <property name="localRepository" value="C:\Users\Javier\.m2\repository"/>
    <property name="java.vendor.url.bug" value="https://bugreport.java.com/bugreport/"/>
    <property name="java.io.tmpdir" value="C:\Users\Javier\AppData\Local\Temp\"/>
    <property name="java.version" value="17.0.12"/>
    <property name="user.dir" value="C:\Users\Javier\Documents\workspace-spring-tools-for-eclipse-4.30.0.RELEASE\reto-tecnico-scotiabank"/>
    <property name="os.arch" value="amd64"/>
    <property name="java.vm.specification.name" value="Java Virtual Machine Specification"/>
    <property name="PID" value="30892"/>
    <property name="sun.os.patch.level" value=""/>
    <property name="CONSOLE_LOG_CHARSET" value="windows-1252"/>
    <property name="native.encoding" value="Cp1252"/>
    <property name="java.library.path" value="C:\Programas\JDK\jdk-17.0.12_windows-x64_bin\jdk-17.0.12\bin;C:\Windows\Sun\Java\bin;C:\Windows\system32;C:\Windows;C:/Programas/spring-tools-for-eclipse-4.30.0.RELEASE-e4.35.0-win32.win32.x86_64/sts-4.30.0.RELEASE//plugins/org.eclipse.justj.openjdk.hotspot.jre.full.win32.x86_64_21.0.6.v20250130-0529/jre/bin/server;C:/Programas/spring-tools-for-eclipse-4.30.0.RELEASE-e4.35.0-win32.win32.x86_64/sts-4.30.0.RELEASE//plugins/org.eclipse.justj.openjdk.hotspot.jre.full.win32.x86_64_21.0.6.v20250130-0529/jre/bin;C:\Windows\system32;C:\Windows;C:\Windows\System32\Wbem;C:\Windows\System32\WindowsPowerShell\v1.0\;C:\Windows\System32\OpenSSH\;C:\Program Files (x86)\NVIDIA Corporation\PhysX\Common;C:\Program Files\NVIDIA Corporation\NVIDIA NvDLISR;C:\Program Files\Git\cmd;C:\Program Files\nodejs\;C:\ProgramData\chocolatey\bin;C:\Program Files (x86)\Microsoft SQL Server\110\Tools\Binn\;C:\Program Files\Microsoft SQL Server\110\Tools\Binn\;C:\Program Files\Microsoft SQL Server\110\DTS\Binn\;C:\Program Files (x86)\Microsoft SQL Server\110\Tools\Binn\ManagementStudio\;C:\Program Files (x86)\Microsoft SQL Server\110\DTS\Binn\;C:\Programas\JDK\jdk-17.0.12_windows-x64_bin\jdk-17.0.12\bin;C:\Program Files\Docker\Docker\resources\bin;C:\Program Files\PuTTY\;C:\Programas\apache-maven-3.9.10-bin\apache-maven-3.9.10\bin;C:\Users\Javier\AppData\Local\Microsoft\WindowsApps;C:\Users\Javier\AppData\Local\Programs\Microsoft VS Code\bin;C:\Users\Javier\AppData\Roaming\npm;C:\Programas\spring-tools-for-eclipse-4.30.0.RELEASE-e4.35.0-win32.win32.x86_64\sts-4.30.0.RELEASE;;."/>
    <property name="java.vm.info" value="mixed mode, sharing"/>
    <property name="java.vendor" value="Oracle Corporation"/>
    <property name="java.vm.version" value="17.0.12+8-LTS-286"/>
    <property name="sun.io.unicode.encoding" value="UnicodeLittle"/>
    <property name="java.class.version" value="61.0"/>
    <property name="LOGGED_APPLICATION_NAME" value="[reto-tecnico-scotiabank] "/>
  </properties>
  <testcase name="guardarAlumnoConNombreVacio" classname="com.scotiabank.serviceImpl.AlumnoServiceImplTest" time="0.133"/>
  <testcase name="guardarAlumnoConEstadoInvalido" classname="com.scotiabank.serviceImpl.AlumnoServiceImplTest" time="0.005"/>
  <testcase name="guardarAlumnoConIdDuplicado" classname="com.scotiabank.serviceImpl.AlumnoServiceImplTest" time="0.01"/>
  <testcase name="listarSoloActivos" classname="com.scotiabank.serviceImpl.AlumnoServiceImplTest" time="0.003"/>
  <testcase name="guardarAlumnoConDatosValidosSinId" classname="com.scotiabank.serviceImpl.AlumnoServiceImplTest" time="0.005"/>
</testsuite>